<?xml version="1.0" encoding="UTF-8"?>
<testng-results ignored="0" total="1" passed="1" failed="0" skipped="0">
  <reporter-output>
  </reporter-output>
  <suite started-at="2024-10-17T16:48:24 IST" name="Default suite" finished-at="2024-10-17T16:49:45 IST" duration-ms="81120">
    <groups>
    </groups>
    <test started-at="2024-10-17T16:48:24 IST" name="Default test" finished-at="2024-10-17T16:49:45 IST" duration-ms="81120">
      <class name="Selenium.Programs">
        <test-method is-config="true" signature="setup()[pri:0, instance:Selenium.Programs@7d9d0818]" started-at="2024-10-17T16:48:24 IST" name="setup" finished-at="2024-10-17T16:48:27 IST" duration-ms="2821" status="PASS">
          <reporter-output>
          </reporter-output>
        </test-method> <!-- setup -->
        <test-method is-config="true" signature="urlload()[pri:0, instance:Selenium.Programs@7d9d0818]" started-at="2024-10-17T16:48:27 IST" name="urlload" finished-at="2024-10-17T16:48:34 IST" duration-ms="6675" status="PASS">
          <reporter-output>
          </reporter-output>
        </test-method> <!-- urlload -->
        <test-method signature="test1()[pri:0, instance:Selenium.Programs@7d9d0818]" started-at="2024-10-17T16:48:34 IST" name="test1" finished-at="2024-10-17T16:49:45 IST" duration-ms="71533" status="PASS">
          <reporter-output>
          </reporter-output>
        </test-method> <!-- test1 -->
      </class> <!-- Selenium.Programs -->
    </test> <!-- Default test -->
  </suite> <!-- Default suite -->
</testng-results>
